[LOG] System::create                           : Header version = 1.07.06. Current version = 1.07.06.
[LOG] SystemI::init                            : FMOD Studio Version: 00010706 (71893)
[LOG] SystemI::init                            : maxchannels = 256, flags = 00020000, extradriverdata = 0000000000000000
[LOG] SystemI::close                           : 
[LOG] SystemI::close                           : Stop all sounds
[LOG] SystemI::close                           : Remove miscllaneous DSP stuff.
[LOG] SystemI::close                           : done.

[LOG] OutputWASAPI::init                       : Mix Format (WAVEFORMATEX): wFormatTag=0xFFFE, nChannels=2, nSamplesPerSec=48000, nAvgBytesPerSec=384000, nBlockAlign=8, wBitsPerSample=32, cbSize=22.
[LOG] OutputWASAPI::init                       : Mix Format (WAVEFORMATEXTENSIBLE): wValidBitsPerSample=32, dwChannelMask=0x00000003, SubFormat=00000003-0000-0010-8000-00AA00389B71.
[LOG] Thread::initThread                       : Initializing FMOD (WASAPI) feeder thread.  priority 0
[LOG] Thread::initThread                       : - Stacksize 0.  Stack pointer 0000000000000000 : usesemaphore = 0 : sleeptime = 0
[LOG] Thread::callback                         : * FMOD (WASAPI) feeder thread started
[LOG] Thread::initThread                       : Initializing FMOD mixer thread.  priority 2
[LOG] OutputWASAPI::feederUpdate               : WASAPI feeder thread set to 'Audio' characteristic
[LOG] Thread::initThread                       : - Stacksize 49152.  Stack pointer 0000000000000000 : usesemaphore = 1 : sleeptime = 0
[LOG] Thread::callback                         : * FMOD mixer thread started
[LOG] SystemI::init                            : Set up emulated output
[LOG] SystemI::init                            : create the channel pool
[LOG] SystemI::init                            : Set up streamer
[LOG] Thread::initThread                       : Initializing FMOD stream thread.  priority 2
[LOG] Thread::initThread                       : - Stacksize 65536.  Stack pointer 0000000000000000 : usesemaphore = 0 : sleeptime = 10
[LOG] Thread::callback                         : * FMOD stream thread started
[LOG] Thread::initThread                       : Initializing FMOD Studio load thread.  priority 0
[LOG] Thread::initThread                       : - Stacksize 65536.  Stack pointer 0000000000000000 : usesemaphore = 0 : sleeptime = 1
[LOG] Thread::callback                         : * FMOD Studio load thread started
[LOG] Manager::readBank                        : fileversion = 68, compatVersion = 68 (oldest = 44, newest = 68)
[LOG] Manager::readBank                        : fileversion = 68, compatVersion = 68 (oldest = 44, newest = 68)
[LOG] Manager::readBank                        : fileversion = 68, compatVersion = 68 (oldest = 44, newest = 68)
[WRN] ObjectLookup::get                        : Lookup failed for BusWithInputs: {4b3c848f-2d5c-4718-9ff2-f85c74d8b3e6}
[WRN] ObjectLookup::get                        : Lookup failed for BusWithInputs: {4b3c848f-2d5c-4718-9ff2-f85c74d8b3e6}
[WRN] ObjectLookup::get                        : Lookup failed for BusWithInputs: {4b3c848f-2d5c-4718-9ff2-f85c74d8b3e6}
[WRN] ObjectLookup::get                        : Lookup failed for BusWithInputs: {4b3c848f-2d5c-4718-9ff2-f85c74d8b3e6}
[WRN] ObjectLookup::get                        : Lookup failed for BusWithInputs: {4b3c848f-2d5c-4718-9ff2-f85c74d8b3e6}
[WRN] ObjectLookup::get                        : Lookup failed for BusWithInputs: {4b3c848f-2d5c-4718-9ff2-f85c74d8b3e6}
[WRN] ObjectLookup::get                        : Lookup failed for BusWithInputs: {4b3c848f-2d5c-4718-9ff2-f85c74d8b3e6}
[WRN] ObjectLookup::get                        : Lookup failed for BusWithInputs: {4b3c848f-2d5c-4718-9ff2-f85c74d8b3e6}
[WRN] ObjectLookup::get                        : Lookup failed for BusWithInputs: {4b3c848f-2d5c-4718-9ff2-f85c74d8b3e6}
[WRN] ObjectLookup::get                        : Lookup failed for BusWithInputs: {4b3c848f-2d5c-4718-9ff2-f85c74d8b3e6}
[WRN] ObjectLookup::get                        : Lookup failed for BusWithInputs: {4b3c848f-2d5c-4718-9ff2-f85c74d8b3e6}
[WRN] ObjectLookup::get                        : Lookup failed for BusWithInputs: {4b3c848f-2d5c-4718-9ff2-f85c74d8b3e6}
[WRN] ObjectLookup::get                        : Lookup failed for BusWithInputs: {4b3c848f-2d5c-4718-9ff2-f85c74d8b3e6}
[WRN] ObjectLookup::get                        : Lookup failed for BusWithInputs: {4b3c848f-2d5c-4718-9ff2-f85c74d8b3e6}
[WRN] ObjectLookup::get                        : Lookup failed for BusWithInputs: {4b3c848f-2d5c-4718-9ff2-f85c74d8b3e6}
[WRN] ObjectLookup::get                        : Lookup failed for BusWithInputs: {4b3c848f-2d5c-4718-9ff2-f85c74d8b3e6}
[WRN] ObjectLookup::get                        : Lookup failed for BusWithInputs: {4b3c848f-2d5c-4718-9ff2-f85c74d8b3e6}
[WRN] ObjectLookup::get                        : Lookup failed for BusWithInputs: {4b3c848f-2d5c-4718-9ff2-f85c74d8b3e6}
[WRN] ObjectLookup::get                        : Lookup failed for BusWithInputs: {4b3c848f-2d5c-4718-9ff2-f85c74d8b3e6}
[WRN] ObjectLookup::get                        : Lookup failed for BusWithInputs: {4b3c848f-2d5c-4718-9ff2-f85c74d8b3e6}
[WRN] ObjectLookup::get                        : Lookup failed for BusWithInputs: {4b3c848f-2d5c-4718-9ff2-f85c74d8b3e6}
[WRN] ObjectLookup::get                        : Lookup failed for BusWithInputs: {4b3c848f-2d5c-4718-9ff2-f85c74d8b3e6}
[WRN] ObjectLookup::get                        : Lookup failed for BusWithInputs: {4b3c848f-2d5c-4718-9ff2-f85c74d8b3e6}
[WRN] ObjectLookup::get                        : Lookup failed for BusWithInputs: {4b3c848f-2d5c-4718-9ff2-f85c74d8b3e6}
[WRN] ObjectLookup::get                        : Lookup failed for BusWithInputs: {4b3c848f-2d5c-4718-9ff2-f85c74d8b3e6}
[WRN] ObjectLookup::get                        : Lookup failed for BusWithInputs: {4b3c848f-2d5c-4718-9ff2-f85c74d8b3e6}
[WRN] ObjectLookup::get                        : Lookup failed for BusWithInputs: {4b3c848f-2d5c-4718-9ff2-f85c74d8b3e6}
[WRN] ObjectLookup::get                        : Lookup failed for BusWithInputs: {4b3c848f-2d5c-4718-9ff2-f85c74d8b3e6}
[WRN] ObjectLookup::get                        : Lookup failed for BusWithInputs: {4b3c848f-2d5c-4718-9ff2-f85c74d8b3e6}
[WRN] ObjectLookup::get                        : Lookup failed for BusWithInputs: {4b3c848f-2d5c-4718-9ff2-f85c74d8b3e6}
[WRN] ObjectLookup::get                        : Lookup failed for BusWithInputs: {4b3c848f-2d5c-4718-9ff2-f85c74d8b3e6}
[WRN] ObjectLookup::get                        : Lookup failed for BusWithInputs: {4b3c848f-2d5c-4718-9ff2-f85c74d8b3e6}
[WRN] ObjectLookup::get                        : Lookup failed for BusWithInputs: {4b3c848f-2d5c-4718-9ff2-f85c74d8b3e6}
[WRN] ObjectLookup::get                        : Lookup failed for BusWithInputs: {4b3c848f-2d5c-4718-9ff2-f85c74d8b3e6}
[WRN] ObjectLookup::get                        : Lookup failed for BusWithInputs: {4b3c848f-2d5c-4718-9ff2-f85c74d8b3e6}
[WRN] ObjectLookup::get                        : Lookup failed for BusWithInputs: {4b3c848f-2d5c-4718-9ff2-f85c74d8b3e6}
[WRN] ObjectLookup::get                        : Lookup failed for BusWithInputs: {4b3c848f-2d5c-4718-9ff2-f85c74d8b3e6}
[WRN] ObjectLookup::get                        : Lookup failed for BusWithInputs: {4b3c848f-2d5c-4718-9ff2-f85c74d8b3e6}
[WRN] ObjectLookup::get                        : Lookup failed for BusWithInputs: {4b3c848f-2d5c-4718-9ff2-f85c74d8b3e6}
[WRN] ObjectLookup::get                        : Lookup failed for BusWithInputs: {4b3c848f-2d5c-4718-9ff2-f85c74d8b3e6}
[WRN] ObjectLookup::get                        : Lookup failed for BusWithInputs: {4b3c848f-2d5c-4718-9ff2-f85c74d8b3e6}
[WRN] ObjectLookup::get                        : Lookup failed for BusWithInputs: {4b3c848f-2d5c-4718-9ff2-f85c74d8b3e6}
[WRN] ObjectLookup::get                        : Lookup failed for BusWithInputs: {4b3c848f-2d5c-4718-9ff2-f85c74d8b3e6}
[WRN] ObjectLookup::get                        : Lookup failed for BusWithInputs: {4b3c848f-2d5c-4718-9ff2-f85c74d8b3e6}
[WRN] ObjectLookup::get                        : Lookup failed for BusWithInputs: {4b3c848f-2d5c-4718-9ff2-f85c74d8b3e6}
[WRN] ObjectLookup::get                        : Lookup failed for BusWithInputs: {4b3c848f-2d5c-4718-9ff2-f85c74d8b3e6}
[WRN] ObjectLookup::get                        : Lookup failed for BusWithInputs: {4b3c848f-2d5c-4718-9ff2-f85c74d8b3e6}
[WRN] ObjectLookup::get                        : Lookup failed for BusWithInputs: {4b3c848f-2d5c-4718-9ff2-f85c74d8b3e6}
[WRN] ObjectLookup::get                        : Lookup failed for BusWithInputs: {4b3c848f-2d5c-4718-9ff2-f85c74d8b3e6}
[WRN] ObjectLookup::get                        : Lookup failed for BusWithInputs: {4b3c848f-2d5c-4718-9ff2-f85c74d8b3e6}
[WRN] ObjectLookup::get                        : Lookup failed for BusWithInputs: {4b3c848f-2d5c-4718-9ff2-f85c74d8b3e6}
[WRN] ObjectLookup::get                        : Lookup failed for BusWithInputs: {4b3c848f-2d5c-4718-9ff2-f85c74d8b3e6}
[WRN] ObjectLookup::get                        : Lookup failed for BusWithInputs: {4b3c848f-2d5c-4718-9ff2-f85c74d8b3e6}
[WRN] ObjectLookup::get                        : Lookup failed for BusWithInputs: {4b3c848f-2d5c-4718-9ff2-f85c74d8b3e6}
[WRN] ObjectLookup::get                        : Lookup failed for BusWithInputs: {4b3c848f-2d5c-4718-9ff2-f85c74d8b3e6}
[WRN] ObjectLookup::get                        : Lookup failed for BusWithInputs: {4b3c848f-2d5c-4718-9ff2-f85c74d8b3e6}
[WRN] ObjectLookup::get                        : Lookup failed for BusWithInputs: {4b3c848f-2d5c-4718-9ff2-f85c74d8b3e6}
[WRN] ObjectLookup::get                        : Lookup failed for BusWithInputs: {4b3c848f-2d5c-4718-9ff2-f85c74d8b3e6}
[WRN] ObjectLookup::get                        : Lookup failed for BusWithInputs: {4b3c848f-2d5c-4718-9ff2-f85c74d8b3e6}
[WRN] ObjectLookup::get                        : Lookup failed for BusWithInputs: {4b3c848f-2d5c-4718-9ff2-f85c74d8b3e6}
[WRN] ObjectLookup::get                        : Lookup failed for BusWithInputs: {4b3c848f-2d5c-4718-9ff2-f85c74d8b3e6}
[WRN] ObjectLookup::get                        : Lookup failed for BusWithInputs: {4b3c848f-2d5c-4718-9ff2-f85c74d8b3e6}
[WRN] ObjectLookup::get                        : Lookup failed for BusWithInputs: {4b3c848f-2d5c-4718-9ff2-f85c74d8b3e6}
[WRN] ObjectLookup::get                        : Lookup failed for BusWithInputs: {4b3c848f-2d5c-4718-9ff2-f85c74d8b3e6}
[WRN] ObjectLookup::get                        : Lookup failed for BusWithInputs: {4b3c848f-2d5c-4718-9ff2-f85c74d8b3e6}
[WRN] ObjectLookup::get                        : Lookup failed for BusWithInputs: {4b3c848f-2d5c-4718-9ff2-f85c74d8b3e6}
[WRN] ObjectLookup::get                        : Lookup failed for BusWithSends: {718deb32-5420-496a-bca7-d1f868f0e45a}
[WRN] ObjectLookup::get                        : Lookup failed for BusWithSends: {718deb32-5420-496a-bca7-d1f868f0e45a}
[WRN] ObjectLookup::get                        : Lookup failed for BusWithSends: {718deb32-5420-496a-bca7-d1f868f0e45a}
[WRN] ObjectLookup::get                        : Lookup failed for BusWithSends: {718deb32-5420-496a-bca7-d1f868f0e45a}
[WRN] ObjectLookup::get                        : Lookup failed for BusWithSends: {718deb32-5420-496a-bca7-d1f868f0e45a}
[WRN] ObjectLookup::get                        : Lookup failed for BusWithSends: {718deb32-5420-496a-bca7-d1f868f0e45a}
[WRN] ObjectLookup::get                        : Lookup failed for BusWithSends: {718deb32-5420-496a-bca7-d1f868f0e45a}
[WRN] ObjectLookup::get                        : Lookup failed for BusWithSends: {718deb32-5420-496a-bca7-d1f868f0e45a}
[WRN] ObjectLookup::get                        : Lookup failed for BusWithSends: {718deb32-5420-496a-bca7-d1f868f0e45a}
[WRN] ObjectLookup::get                        : Lookup failed for BusWithSends: {718deb32-5420-496a-bca7-d1f868f0e45a}
[WRN] ObjectLookup::get                        : Lookup failed for BusWithSends: {718deb32-5420-496a-bca7-d1f868f0e45a}
[WRN] ObjectLookup::get                        : Lookup failed for BusWithSends: {718deb32-5420-496a-bca7-d1f868f0e45a}
[WRN] ObjectLookup::get                        : Lookup failed for BusWithSends: {718deb32-5420-496a-bca7-d1f868f0e45a}
[WRN] ObjectLookup::get                        : Lookup failed for BusWithSends: {718deb32-5420-496a-bca7-d1f868f0e45a}
[WRN] ObjectLookup::get                        : Lookup failed for BusWithSends: {718deb32-5420-496a-bca7-d1f868f0e45a}
[WRN] ObjectLookup::get                        : Lookup failed for BusWithSends: {718deb32-5420-496a-bca7-d1f868f0e45a}
[WRN] ObjectLookup::get                        : Lookup failed for BusWithSends: {718deb32-5420-496a-bca7-d1f868f0e45a}
[WRN] ObjectLookup::get                        : Lookup failed for BusWithSends: {718deb32-5420-496a-bca7-d1f868f0e45a}
[WRN] ObjectLookup::get                        : Lookup failed for BusWithSends: {718deb32-5420-496a-bca7-d1f868f0e45a}
[WRN] ObjectLookup::get                        : Lookup failed for BusWithSends: {718deb32-5420-496a-bca7-d1f868f0e45a}
[WRN] ObjectLookup::get                        : Lookup failed for BusWithSends: {718deb32-5420-496a-bca7-d1f868f0e45a}
[WRN] ObjectLookup::get                        : Lookup failed for BusWithSends: {718deb32-5420-496a-bca7-d1f868f0e45a}
[WRN] ObjectLookup::get                        : Lookup failed for BusWithSends: {718deb32-5420-496a-bca7-d1f868f0e45a}
[WRN] ObjectLookup::get                        : Lookup failed for BusWithSends: {718deb32-5420-496a-bca7-d1f868f0e45a}
[WRN] ObjectLookup::get                        : Lookup failed for BusWithSends: {718deb32-5420-496a-bca7-d1f868f0e45a}
[WRN] ObjectLookup::get                        : Lookup failed for BusWithSends: {718deb32-5420-496a-bca7-d1f868f0e45a}
[WRN] ObjectLookup::get                        : Lookup failed for BusWithSends: {718deb32-5420-496a-bca7-d1f868f0e45a}
[WRN] ObjectLookup::get                        : Lookup failed for BusWithSends: {718deb32-5420-496a-bca7-d1f868f0e45a}
[WRN] ObjectLookup::get                        : Lookup failed for BusWithSends: {718deb32-5420-496a-bca7-d1f868f0e45a}
[WRN] ObjectLookup::get                        : Lookup failed for BusWithSends: {718deb32-5420-496a-bca7-d1f868f0e45a}
[WRN] ObjectLookup::get                        : Lookup failed for BusWithSends: {718deb32-5420-496a-bca7-d1f868f0e45a}
[WRN] ObjectLookup::get                        : Lookup failed for BusWithSends: {718deb32-5420-496a-bca7-d1f868f0e45a}
[WRN] ObjectLookup::get                        : Lookup failed for BusWithSends: {718deb32-5420-496a-bca7-d1f868f0e45a}
[WRN] ObjectLookup::get                        : Lookup failed for BusWithSends: {718deb32-5420-496a-bca7-d1f868f0e45a}
[WRN] ObjectLookup::get                        : Lookup failed for BusWithSends: {718deb32-5420-496a-bca7-d1f868f0e45a}
[WRN] ObjectLookup::get                        : Lookup failed for BusWithSends: {718deb32-5420-496a-bca7-d1f868f0e45a}
[WRN] ObjectLookup::get                        : Lookup failed for BusWithSends: {718deb32-5420-496a-bca7-d1f868f0e45a}
[WRN] ObjectLookup::get                        : Lookup failed for BusWithSends: {718deb32-5420-496a-bca7-d1f868f0e45a}
[WRN] ObjectLookup::get                        : Lookup failed for BusWithSends: {718deb32-5420-496a-bca7-d1f868f0e45a}
[WRN] ObjectLookup::get                        : Lookup failed for BusWithSends: {718deb32-5420-496a-bca7-d1f868f0e45a}
[WRN] ObjectLookup::get                        : Lookup failed for BusWithSends: {718deb32-5420-496a-bca7-d1f868f0e45a}
[WRN] ObjectLookup::get                        : Lookup failed for BusWithSends: {718deb32-5420-496a-bca7-d1f868f0e45a}
[WRN] ObjectLookup::get                        : Lookup failed for BusWithSends: {718deb32-5420-496a-bca7-d1f868f0e45a}
[WRN] ObjectLookup::get                        : Lookup failed for BusWithSends: {718deb32-5420-496a-bca7-d1f868f0e45a}
[WRN] ObjectLookup::get                        : Lookup failed for BusWithSends: {718deb32-5420-496a-bca7-d1f868f0e45a}
[WRN] ObjectLookup::get                        : Lookup failed for BusWithSends: {718deb32-5420-496a-bca7-d1f868f0e45a}
[WRN] ObjectLookup::get                        : Lookup failed for BusWithSends: {718deb32-5420-496a-bca7-d1f868f0e45a}
[WRN] ObjectLookup::get                        : Lookup failed for BusWithSends: {718deb32-5420-496a-bca7-d1f868f0e45a}
[WRN] ObjectLookup::get                        : Lookup failed for BusWithSends: {718deb32-5420-496a-bca7-d1f868f0e45a}
[WRN] ObjectLookup::get                        : Lookup failed for BusWithSends: {718deb32-5420-496a-bca7-d1f868f0e45a}
[WRN] ObjectLookup::get                        : Lookup failed for BusWithSends: {718deb32-5420-496a-bca7-d1f868f0e45a}
[WRN] ObjectLookup::get                        : Lookup failed for BusWithSends: {718deb32-5420-496a-bca7-d1f868f0e45a}
[WRN] ObjectLookup::get                        : Lookup failed for BusWithSends: {718deb32-5420-496a-bca7-d1f868f0e45a}
[WRN] ObjectLookup::get                        : Lookup failed for BusWithSends: {718deb32-5420-496a-bca7-d1f868f0e45a}
[WRN] ObjectLookup::get                        : Lookup failed for BusWithSends: {718deb32-5420-496a-bca7-d1f868f0e45a}
[WRN] ObjectLookup::get                        : Lookup failed for BusWithSends: {718deb32-5420-496a-bca7-d1f868f0e45a}
[WRN] ObjectLookup::get                        : Lookup failed for BusWithSends: {718deb32-5420-496a-bca7-d1f868f0e45a}
[WRN] ObjectLookup::get                        : Lookup failed for BusWithSends: {718deb32-5420-496a-bca7-d1f868f0e45a}
[WRN] ObjectLookup::get                        : Lookup failed for BusWithSends: {718deb32-5420-496a-bca7-d1f868f0e45a}
[WRN] ObjectLookup::get                        : Lookup failed for BusWithSends: {718deb32-5420-496a-bca7-d1f868f0e45a}
[WRN] ObjectLookup::get                        : Lookup failed for BusWithSends: {718deb32-5420-496a-bca7-d1f868f0e45a}
[WRN] ObjectLookup::get                        : Lookup failed for BusWithSends: {718deb32-5420-496a-bca7-d1f868f0e45a}
[WRN] ObjectLookup::get                        : Lookup failed for BusWithSends: {718deb32-5420-496a-bca7-d1f868f0e45a}
[WRN] ObjectLookup::get                        : Lookup failed for BusWithSends: {718deb32-5420-496a-bca7-d1f868f0e45a}
[WRN] ObjectLookup::get                        : Lookup failed for BusWithSends: {718deb32-5420-496a-bca7-d1f868f0e45a}
[WRN] ObjectLookup::get                        : Lookup failed for BusWithSends: {718deb32-5420-496a-bca7-d1f868f0e45a}
[LOG] Manager::readBank                        : fileversion = 68, compatVersion = 68 (oldest = 44, newest = 68)
[WRN] ObjectLookup::get                        : Lookup failed for BusWithInputs: {4b3c848f-2d5c-4718-9ff2-f85c74d8b3e6}
[WRN] ObjectLookup::get                        : Lookup failed for BusWithInputs: {4b3c848f-2d5c-4718-9ff2-f85c74d8b3e6}
[WRN] ObjectLookup::get                        : Lookup failed for BusWithInputs: {4b3c848f-2d5c-4718-9ff2-f85c74d8b3e6}
[WRN] ObjectLookup::get                        : Lookup failed for BusWithInputs: {4b3c848f-2d5c-4718-9ff2-f85c74d8b3e6}
[WRN] ObjectLookup::get                        : Lookup failed for BusWithInputs: {4b3c848f-2d5c-4718-9ff2-f85c74d8b3e6}
[WRN] ObjectLookup::get                        : Lookup failed for BusWithSends: {718deb32-5420-496a-bca7-d1f868f0e45a}
[WRN] ObjectLookup::get                        : Lookup failed for BusWithSends: {718deb32-5420-496a-bca7-d1f868f0e45a}
[WRN] ObjectLookup::get                        : Lookup failed for BusWithSends: {718deb32-5420-496a-bca7-d1f868f0e45a}
[WRN] ObjectLookup::get                        : Lookup failed for BusWithSends: {718deb32-5420-496a-bca7-d1f868f0e45a}
[WRN] ObjectLookup::get                        : Lookup failed for BusWithSends: {718deb32-5420-496a-bca7-d1f868f0e45a}
[LOG] SoundI::release                          : (null) (000000002ED31298)
[LOG] SoundI::release                          : release subsounds. (000000002ED31298)
[LOG] SoundI::release                          :     (null) (000000002ED36F58)
[LOG] SoundI::release                          : release codec. (000000002ED31298)
[LOG] SystemI::createSound                     : filename = Assets\Plugins\Tactic Horror\Build\Desktop/sfx.bank : mode 0a010202
[LOG] SystemI::createSound                     : FMOD_NONBLOCKING specified.  Putting into queue to be opened asynchronously!
[LOG] OutputSoftware::createSample             : lengthpcm 0, lengthbytes 0, channels 0, format 0, freq 0, mode 00000000
[LOG] SystemI::createSound                     : setdata soundi = 000000002ED172B8 : node = 000000001DAFEDC0
[LOG] SystemI::createSound                     : add node to async list : head = 000000002ED17840.  list count = 0
[LOG] AsyncThread::threadFunc                  : Starting Asynchronous operation on sound 000000002ED172B8
[LOG] SystemI::createSoundInternal             :     filename = Assets\Plugins\Tactic Horror\Build\Desktop/sfx.bank : mode 0a010202
[LOG] SystemI::createSoundInternal             :     exinfo->cbsize             = 216
[LOG] SystemI::createSoundInternal             :     exinfo->length             = 75200
[LOG] SystemI::createSoundInternal             :     exinfo->fileoffset         = 72448
[LOG] SystemI::createSoundInternal             :     exinfo->numsubsounds       = 1
[LOG] SystemI::createSoundInternal             :     exinfo->inclusionlist      = 000000001DAFEEC8
[LOG] SystemI::createSoundInternal             :     exinfo->inclusionlistnum   = 1
[LOG] SystemI::createSoundInternal             :     exinfo->suggestedsoundtype = 5
[LOG] SystemI::createSoundInternal             :     exinfo->initialseekpostype = 1
[LOG] SystemI::createSoundInternal             :     Format has 1 subsounds.
[LOG] SystemI::createSoundInternal             :     Create as FMOD_CREATESAMPLE
[LOG] SystemI::createSoundInternal             :     Multi-sample sound (1 subsounds), create a sample container.
[LOG] SystemI::createSoundInternal             :     creating subsound 0/1
[LOG] SystemI::createSample                    :     mode 0a010202 length 60631 samples, lengthbytes 704
[LOG] SystemI::createSample                    :     channels = 2
[LOG] SystemI::createSample                    :     output = 00000000113089B8
[LOG] OutputSoftware::createSample             :     lengthpcm 60631, lengthbytes 704, channels 2, format 2, freq 48000, mode 0a01020a
[LOG] SystemI::createSoundInternal             :     done.  OpenState now = FMOD_OPENSTATE_READY.

[LOG] AsyncThread::threadFunc                  : Finished Asynchronous operation on sound 000000002ED172B8
[WRN] SoundSourceInstrumentInstance::startChannelIfReady : Loading delay exceeded, sound may play at incorrect time
[LOG] SoundI::release                          : (null) (000000002ED172B8)
[LOG] SoundI::release                          : release subsounds. (000000002ED172B8)
[LOG] SoundI::release                          :     (null) (000000002ED62E78)
[LOG] SoundI::release                          : release codec. (000000002ED172B8)
[LOG] SoundI::release                          : (null) (000000002EC78018)
[LOG] SoundI::release                          : release subsounds. (000000002EC78018)
[LOG] SoundI::release                          :     (null) (000000002ED174D8)
[LOG] SoundI::release                          : release codec. (000000002EC78018)
[LOG] Thread::callback                         : * FMOD Studio update thread finished
[LOG] Thread::close                            : FMOD Studio update thread thread destroyed
[LOG] Thread::callback                         : * FMOD Studio load thread finished
[LOG] Thread::close                            : FMOD Studio load thread thread destroyed
[LOG] Profile::disconnectAll                   : Profiler disconnecting all clients
[LOG] LiveUpdate::release                      : 
[LOG] SystemI::close                           : 
[LOG] SystemI::close                           : Stop all sounds
[LOG] Thread::callback                         : * FMOD stream thread finished
[LOG] Thread::close                            : FMOD stream thread thread destroyed
[LOG] SystemI::close                           : Stream thread destroyed
[LOG] SystemI::close                           : Shut down output.
[LOG] Thread::callback                         : * FMOD (WASAPI) feeder thread finished
[LOG] Thread::close                            : FMOD (WASAPI) feeder thread thread destroyed
[LOG] Thread::callback                         : * FMOD mixer thread finished
[LOG] Thread::close                            : FMOD mixer thread thread destroyed
[LOG] SystemI::close                           : Free master channel group.
[LOG] SystemI::close                           : Remove 'master' sound group.
[LOG] SystemI::close                           : Free software output.
[LOG] SystemI::close                           : Free emulated output.
[LOG] SystemI::close                           : Free channel pool.
[LOG] SystemI::close                           : Remove miscllaneous DSP stuff.
[LOG] SystemI::close                           : done.

[LOG] Thread::callback                         : * FMOD Studio load thread finished
[LOG] Thread::close                            : FMOD Studio load thread thread destroyed
[LOG] LiveUpdate::release                      : 
[LOG] SystemI::close                           : 
[LOG] SystemI::close                           : Stop all sounds
[LOG] Thread::callback                         : * FMOD stream thread finished
[LOG] Thread::close                            : FMOD stream thread thread destroyed
[LOG] SystemI::close                           : Stream thread destroyed
[LOG] SystemI::close                           : Shut down output.
[LOG] Thread::callback                         : * FMOD (WASAPI) feeder thread finished
[LOG] Thread::close                            : FMOD (WASAPI) feeder thread thread destroyed
[LOG] Thread::callback                         : * FMOD mixer thread finished
[LOG] Thread::close                            : FMOD mixer thread thread destroyed
[LOG] SystemI::close                           : Free master channel group.
[LOG] SystemI::close                           : Remove 'master' sound group.
[LOG] SystemI::close                           : Free software output.
[LOG] SystemI::close                           : Free emulated output.
[LOG] SystemI::close                           : Free channel pool.
[LOG] SystemI::close                           : Remove miscllaneous DSP stuff.
[LOG] Global::decRef                           : Shut down streamer and FMOD_NONBLOCKING and FileSystem thread.
[LOG] Thread::callback                         : * FMOD nonblocking thread (0) finished
[LOG] Thread::close                            : FMOD nonblocking thread (0) thread destroyed
[LOG] Global::decRef                           : Shut down file system.
[LOG] SystemI::close                           : done.

[LOG] System::create                           : Header version = 1.07.06. Current version = 1.07.06.
